\BOOKMARK [1][-]{section.1}{Introduction}{}% 1
\BOOKMARK [1][-]{section.2}{Grounding Natural Language Instructions}{}% 2
\BOOKMARK [1][-]{section.3}{Probabilistic Model for Grounding Unknown Symbols}{}% 3
\BOOKMARK [2][-]{subsection.3.1}{Grounding Unknown Phrases or Objects}{section.3}% 4
\BOOKMARK [2][-]{subsection.3.2}{Grounding Hypothetical Objects Outside the Field of View}{section.3}% 5
\BOOKMARK [2][-]{subsection.3.3}{Resolving Ambiguity via Linguistic Context}{section.3}% 6
\BOOKMARK [1][-]{section.4}{Online Learning}{}% 7
\BOOKMARK [2][-]{subsection.4.1}{Exploration to Find an Unknown Object}{section.4}% 8
\BOOKMARK [2][-]{subsection.4.2}{Incremental Unsupervised Learning}{section.4}% 9
\BOOKMARK [1][-]{section.5}{Evaluation}{}% 10
\BOOKMARK [2][-]{subsection.5.1}{Corpus}{section.5}% 11
\BOOKMARK [2][-]{subsection.5.2}{Testing/Training Setup}{section.5}% 12
\BOOKMARK [1][-]{section.6}{Results}{}% 13
\BOOKMARK [2][-]{subsection.6.1}{Grounding Accuracy}{section.6}% 14
\BOOKMARK [2][-]{subsection.6.2}{Learned Symbols}{section.6}% 15
\BOOKMARK [2][-]{subsection.6.3}{Physical Demonstration}{section.6}% 16
\BOOKMARK [2][-]{subsection.6.4}{Limitations}{section.6}% 17
\BOOKMARK [1][-]{section.7}{Related Work}{}% 18
\BOOKMARK [1][-]{section.8}{Conclusion}{}% 19
\BOOKMARK [1][-]{section*.10}{References}{}% 20
